<?xml version="1.0" ?>
<coverage branch-rate="0" line-rate="0.9366" timestamp="1480970231214" version="4.2">
	<!-- Generated by coverage.py: https://coverage.readthedocs.io -->
	<!-- Based on https://raw.githubusercontent.com/cobertura/web/f0366e5e2cf18f111cbd61fc34ef720a6584ba02/htdocs/xml/coverage-03.dtd -->
	<sources>
		<source>F:\devel\AdventOfCode</source>
	</sources>
	<packages>
		<package branch-rate="0" complexity="0" line-rate="1" name=".">
			<classes>
				<class branch-rate="0" complexity="0" filename="runtests.py" line-rate="1" name="runtests.py">
					<methods/>
					<lines>
						<line hits="1" number="1"/>
						<line hits="1" number="3"/>
					</lines>
				</class>
			</classes>
		</package>
		<package branch-rate="0" complexity="0" line-rate="1" name="problems">
			<classes>
				<class branch-rate="0" complexity="0" filename="problems/__init__.py" line-rate="1" name="__init__.py">
					<methods/>
					<lines/>
				</class>
			</classes>
		</package>
		<package branch-rate="0" complexity="0" line-rate="0.8958" name="problems.day01">
			<classes>
				<class branch-rate="0" complexity="0" filename="problems/day01/__init__.py" line-rate="1" name="__init__.py">
					<methods/>
					<lines/>
				</class>
				<class branch-rate="0" complexity="0" filename="problems/day01/main.py" line-rate="0.6875" name="main.py">
					<methods/>
					<lines>
						<line hits="1" number="1"/>
						<line hits="1" number="2"/>
						<line hits="0" number="3"/>
						<line hits="1" number="5"/>
						<line hits="1" number="8"/>
						<line hits="1" number="9"/>
						<line hits="1" number="11"/>
						<line hits="1" number="12"/>
						<line hits="1" number="14"/>
						<line hits="1" number="16"/>
						<line hits="1" number="17"/>
						<line hits="1" number="20"/>
						<line hits="0" number="21"/>
						<line hits="0" number="22"/>
						<line hits="0" number="24"/>
						<line hits="0" number="25"/>
					</lines>
				</class>
				<class branch-rate="0" complexity="0" filename="problems/day01/main_test.py" line-rate="1" name="main_test.py">
					<methods/>
					<lines>
						<line hits="1" number="1"/>
						<line hits="1" number="4"/>
						<line hits="1" number="5"/>
						<line hits="1" number="8"/>
						<line hits="1" number="9"/>
					</lines>
				</class>
				<class branch-rate="0" complexity="0" filename="problems/day01/solver.py" line-rate="1" name="solver.py">
					<methods/>
					<lines>
						<line hits="1" number="1"/>
						<line hits="1" number="4"/>
						<line hits="1" number="5"/>
						<line hits="1" number="7"/>
						<line hits="1" number="8"/>
						<line hits="1" number="10"/>
						<line hits="1" number="11"/>
						<line hits="1" number="13"/>
						<line hits="1" number="15"/>
						<line hits="1" number="17"/>
						<line hits="1" number="18"/>
						<line hits="1" number="19"/>
						<line hits="1" number="21"/>
						<line hits="1" number="22"/>
						<line hits="1" number="24"/>
						<line hits="1" number="25"/>
						<line hits="1" number="27"/>
						<line hits="1" number="28"/>
					</lines>
				</class>
				<class branch-rate="0" complexity="0" filename="problems/day01/solver_test.py" line-rate="1" name="solver_test.py">
					<methods/>
					<lines>
						<line hits="1" number="1"/>
						<line hits="1" number="4"/>
						<line hits="1" number="5"/>
						<line hits="1" number="8"/>
						<line hits="1" number="9"/>
						<line hits="1" number="12"/>
						<line hits="1" number="13"/>
						<line hits="1" number="16"/>
						<line hits="1" number="17"/>
					</lines>
				</class>
			</classes>
		</package>
		<package branch-rate="0" complexity="0" line-rate="1" name="problems.day01.internal">
			<classes>
				<class branch-rate="0" complexity="0" filename="problems/day01/internal/__init__.py" line-rate="1" name="__init__.py">
					<methods/>
					<lines>
						<line hits="1" number="1"/>
						<line hits="1" number="2"/>
					</lines>
				</class>
				<class branch-rate="0" complexity="0" filename="problems/day01/internal/marshaller.py" line-rate="1" name="marshaller.py">
					<methods/>
					<lines>
						<line hits="1" number="1"/>
						<line hits="1" number="2"/>
						<line hits="1" number="3"/>
						<line hits="1" number="5"/>
						<line hits="1" number="6"/>
						<line hits="1" number="7"/>
						<line hits="1" number="9"/>
						<line hits="1" number="10"/>
						<line hits="1" number="12"/>
						<line hits="1" number="15"/>
						<line hits="1" number="17"/>
						<line hits="1" number="18"/>
						<line hits="1" number="19"/>
						<line hits="1" number="20"/>
						<line hits="1" number="22"/>
						<line hits="1" number="23"/>
						<line hits="1" number="25"/>
						<line hits="1" number="26"/>
						<line hits="1" number="28"/>
						<line hits="1" number="29"/>
						<line hits="1" number="30"/>
						<line hits="1" number="31"/>
						<line hits="1" number="32"/>
						<line hits="1" number="33"/>
						<line hits="1" number="34"/>
						<line hits="1" number="35"/>
						<line hits="1" number="36"/>
						<line hits="1" number="37"/>
						<line hits="1" number="38"/>
						<line hits="1" number="39"/>
						<line hits="1" number="40"/>
						<line hits="1" number="42"/>
						<line hits="1" number="43"/>
						<line hits="1" number="45"/>
						<line hits="1" number="46"/>
						<line hits="1" number="49"/>
						<line hits="1" number="51"/>
						<line hits="1" number="52"/>
						<line hits="1" number="53"/>
						<line hits="1" number="54"/>
						<line hits="1" number="56"/>
						<line hits="1" number="57"/>
						<line hits="1" number="59"/>
						<line hits="1" number="60"/>
						<line hits="1" number="62"/>
						<line hits="1" number="63"/>
						<line hits="1" number="65"/>
						<line hits="1" number="66"/>
					</lines>
				</class>
				<class branch-rate="0" complexity="0" filename="problems/day01/internal/positionrecorder.py" line-rate="1" name="positionrecorder.py">
					<methods/>
					<lines>
						<line hits="1" number="1"/>
						<line hits="1" number="3"/>
						<line hits="1" number="4"/>
						<line hits="1" number="5"/>
						<line hits="1" number="6"/>
						<line hits="1" number="7"/>
						<line hits="1" number="9"/>
						<line hits="1" number="10"/>
						<line hits="1" number="11"/>
						<line hits="1" number="13"/>
						<line hits="1" number="15"/>
						<line hits="1" number="17"/>
						<line hits="1" number="18"/>
						<line hits="1" number="19"/>
						<line hits="1" number="20"/>
						<line hits="1" number="21"/>
						<line hits="1" number="22"/>
						<line hits="1" number="24"/>
						<line hits="1" number="25"/>
						<line hits="1" number="26"/>
						<line hits="1" number="28"/>
						<line hits="1" number="30"/>
						<line hits="1" number="33"/>
						<line hits="1" number="34"/>
						<line hits="1" number="35"/>
						<line hits="1" number="37"/>
					</lines>
				</class>
				<class branch-rate="0" complexity="0" filename="problems/day01/internal/positionrecorder_test.py" line-rate="1" name="positionrecorder_test.py">
					<methods/>
					<lines>
						<line hits="1" number="1"/>
						<line hits="1" number="3"/>
						<line hits="1" number="6"/>
						<line hits="1" number="7"/>
						<line hits="1" number="8"/>
						<line hits="1" number="10"/>
						<line hits="1" number="12"/>
						<line hits="1" number="14"/>
						<line hits="1" number="16"/>
						<line hits="1" number="18"/>
						<line hits="1" number="20"/>
						<line hits="1" number="22"/>
						<line hits="1" number="24"/>
						<line hits="1" number="25"/>
						<line hits="1" number="28"/>
						<line hits="1" number="29"/>
						<line hits="1" number="30"/>
						<line hits="1" number="31"/>
					</lines>
				</class>
			</classes>
		</package>
		<package branch-rate="0" complexity="0" line-rate="0.9038" name="problems.day02">
			<classes>
				<class branch-rate="0" complexity="0" filename="problems/day02/__init__.py" line-rate="1" name="__init__.py">
					<methods/>
					<lines/>
				</class>
				<class branch-rate="0" complexity="0" filename="problems/day02/main.py" line-rate="0.6875" name="main.py">
					<methods/>
					<lines>
						<line hits="1" number="1"/>
						<line hits="1" number="2"/>
						<line hits="0" number="3"/>
						<line hits="1" number="5"/>
						<line hits="1" number="8"/>
						<line hits="1" number="9"/>
						<line hits="1" number="11"/>
						<line hits="1" number="12"/>
						<line hits="1" number="14"/>
						<line hits="1" number="16"/>
						<line hits="1" number="17"/>
						<line hits="1" number="20"/>
						<line hits="0" number="21"/>
						<line hits="0" number="22"/>
						<line hits="0" number="24"/>
						<line hits="0" number="25"/>
					</lines>
				</class>
				<class branch-rate="0" complexity="0" filename="problems/day02/main_test.py" line-rate="1" name="main_test.py">
					<methods/>
					<lines>
						<line hits="1" number="1"/>
						<line hits="1" number="4"/>
						<line hits="1" number="5"/>
						<line hits="1" number="8"/>
						<line hits="1" number="9"/>
					</lines>
				</class>
				<class branch-rate="0" complexity="0" filename="problems/day02/solver.py" line-rate="1" name="solver.py">
					<methods/>
					<lines>
						<line hits="1" number="1"/>
						<line hits="1" number="4"/>
						<line hits="1" number="5"/>
						<line hits="1" number="7"/>
						<line hits="1" number="9"/>
						<line hits="1" number="11"/>
						<line hits="1" number="13"/>
						<line hits="1" number="15"/>
						<line hits="1" number="16"/>
						<line hits="1" number="17"/>
						<line hits="1" number="19"/>
						<line hits="1" number="20"/>
						<line hits="1" number="21"/>
						<line hits="1" number="22"/>
						<line hits="1" number="23"/>
						<line hits="1" number="24"/>
						<line hits="1" number="25"/>
						<line hits="1" number="26"/>
						<line hits="1" number="27"/>
						<line hits="1" number="28"/>
						<line hits="1" number="29"/>
						<line hits="1" number="30"/>
						<line hits="1" number="31"/>
						<line hits="1" number="32"/>
						<line hits="1" number="34"/>
						<line hits="1" number="36"/>
					</lines>
				</class>
				<class branch-rate="0" complexity="0" filename="problems/day02/solver_test.py" line-rate="1" name="solver_test.py">
					<methods/>
					<lines>
						<line hits="1" number="1"/>
						<line hits="1" number="4"/>
						<line hits="1" number="5"/>
						<line hits="1" number="8"/>
						<line hits="1" number="9"/>
					</lines>
				</class>
			</classes>
		</package>
		<package branch-rate="0" complexity="0" line-rate="1" name="problems.day02.internal">
			<classes>
				<class branch-rate="0" complexity="0" filename="problems/day02/internal/__init__.py" line-rate="1" name="__init__.py">
					<methods/>
					<lines>
						<line hits="1" number="1"/>
						<line hits="1" number="2"/>
					</lines>
				</class>
				<class branch-rate="0" complexity="0" filename="problems/day02/internal/keyboard.py" line-rate="1" name="keyboard.py">
					<methods/>
					<lines>
						<line hits="1" number="1"/>
						<line hits="1" number="2"/>
						<line hits="1" number="7"/>
						<line hits="1" number="8"/>
						<line hits="1" number="10"/>
						<line hits="1" number="11"/>
						<line hits="1" number="12"/>
						<line hits="1" number="14"/>
						<line hits="1" number="15"/>
						<line hits="1" number="17"/>
						<line hits="1" number="18"/>
						<line hits="1" number="20"/>
						<line hits="1" number="21"/>
						<line hits="1" number="24"/>
						<line hits="1" number="25"/>
						<line hits="1" number="27"/>
						<line hits="1" number="28"/>
						<line hits="1" number="31"/>
						<line hits="1" number="32"/>
						<line hits="1" number="39"/>
						<line hits="1" number="41"/>
						<line hits="1" number="42"/>
					</lines>
				</class>
				<class branch-rate="0" complexity="0" filename="problems/day02/internal/keyboard_test.py" line-rate="1" name="keyboard_test.py">
					<methods/>
					<lines>
						<line hits="1" number="1"/>
						<line hits="1" number="2"/>
						<line hits="1" number="5"/>
						<line hits="1" number="6"/>
						<line hits="1" number="7"/>
						<line hits="1" number="10"/>
						<line hits="1" number="11"/>
						<line hits="1" number="12"/>
						<line hits="1" number="14"/>
						<line hits="1" number="15"/>
						<line hits="1" number="18"/>
						<line hits="1" number="19"/>
						<line hits="1" number="20"/>
						<line hits="1" number="23"/>
						<line hits="1" number="24"/>
						<line hits="1" number="25"/>
					</lines>
				</class>
				<class branch-rate="0" complexity="0" filename="problems/day02/internal/keyboardcontroller.py" line-rate="1" name="keyboardcontroller.py">
					<methods/>
					<lines>
						<line hits="1" number="1"/>
						<line hits="1" number="2"/>
						<line hits="1" number="3"/>
						<line hits="1" number="5"/>
						<line hits="1" number="6"/>
						<line hits="1" number="7"/>
						<line hits="1" number="9"/>
						<line hits="1" number="10"/>
						<line hits="1" number="11"/>
						<line hits="1" number="13"/>
						<line hits="1" number="14"/>
						<line hits="1" number="15"/>
						<line hits="1" number="17"/>
						<line hits="1" number="18"/>
						<line hits="1" number="19"/>
						<line hits="1" number="21"/>
						<line hits="1" number="22"/>
					</lines>
				</class>
				<class branch-rate="0" complexity="0" filename="problems/day02/internal/keyboardcontroller_test.py" line-rate="1" name="keyboardcontroller_test.py">
					<methods/>
					<lines>
						<line hits="1" number="1"/>
						<line hits="1" number="4"/>
						<line hits="1" number="5"/>
						<line hits="1" number="6"/>
						<line hits="1" number="7"/>
						<line hits="1" number="8"/>
						<line hits="1" number="9"/>
						<line hits="1" number="12"/>
						<line hits="1" number="13"/>
						<line hits="1" number="14"/>
						<line hits="1" number="15"/>
						<line hits="1" number="16"/>
						<line hits="1" number="17"/>
						<line hits="1" number="20"/>
						<line hits="1" number="21"/>
						<line hits="1" number="22"/>
						<line hits="1" number="23"/>
						<line hits="1" number="24"/>
						<line hits="1" number="25"/>
						<line hits="1" number="28"/>
						<line hits="1" number="29"/>
						<line hits="1" number="30"/>
						<line hits="1" number="31"/>
						<line hits="1" number="32"/>
						<line hits="1" number="33"/>
						<line hits="1" number="36"/>
						<line hits="1" number="37"/>
						<line hits="1" number="38"/>
						<line hits="1" number="39"/>
						<line hits="1" number="40"/>
						<line hits="1" number="41"/>
						<line hits="1" number="42"/>
						<line hits="1" number="43"/>
						<line hits="1" number="44"/>
						<line hits="1" number="45"/>
						<line hits="1" number="48"/>
						<line hits="1" number="49"/>
						<line hits="1" number="50"/>
						<line hits="1" number="51"/>
					</lines>
				</class>
			</classes>
		</package>
		<package branch-rate="0" complexity="0" line-rate="0.8889" name="problems.day03">
			<classes>
				<class branch-rate="0" complexity="0" filename="problems/day03/__init__.py" line-rate="1" name="__init__.py">
					<methods/>
					<lines/>
				</class>
				<class branch-rate="0" complexity="0" filename="problems/day03/main.py" line-rate="0.6875" name="main.py">
					<methods/>
					<lines>
						<line hits="1" number="1"/>
						<line hits="1" number="2"/>
						<line hits="0" number="3"/>
						<line hits="1" number="5"/>
						<line hits="1" number="8"/>
						<line hits="1" number="9"/>
						<line hits="1" number="11"/>
						<line hits="1" number="12"/>
						<line hits="1" number="14"/>
						<line hits="1" number="16"/>
						<line hits="1" number="17"/>
						<line hits="1" number="20"/>
						<line hits="0" number="21"/>
						<line hits="0" number="22"/>
						<line hits="0" number="24"/>
						<line hits="0" number="25"/>
					</lines>
				</class>
				<class branch-rate="0" complexity="0" filename="problems/day03/main_test.py" line-rate="1" name="main_test.py">
					<methods/>
					<lines>
						<line hits="1" number="1"/>
						<line hits="1" number="4"/>
						<line hits="1" number="5"/>
						<line hits="1" number="8"/>
						<line hits="1" number="9"/>
					</lines>
				</class>
				<class branch-rate="0" complexity="0" filename="problems/day03/solver.py" line-rate="1" name="solver.py">
					<methods/>
					<lines>
						<line hits="1" number="1"/>
						<line hits="1" number="4"/>
						<line hits="1" number="5"/>
						<line hits="1" number="7"/>
						<line hits="1" number="9"/>
						<line hits="1" number="10"/>
						<line hits="1" number="11"/>
						<line hits="1" number="12"/>
						<line hits="1" number="13"/>
						<line hits="1" number="15"/>
						<line hits="1" number="17"/>
						<line hits="1" number="19"/>
						<line hits="1" number="20"/>
						<line hits="1" number="22"/>
						<line hits="1" number="23"/>
						<line hits="1" number="24"/>
						<line hits="1" number="25"/>
						<line hits="1" number="27"/>
					</lines>
				</class>
				<class branch-rate="0" complexity="0" filename="problems/day03/solver_test.py" line-rate="1" name="solver_test.py">
					<methods/>
					<lines>
						<line hits="1" number="1"/>
						<line hits="1" number="4"/>
						<line hits="1" number="5"/>
						<line hits="1" number="8"/>
						<line hits="1" number="9"/>
						<line hits="1" number="10"/>
					</lines>
				</class>
			</classes>
		</package>
		<package branch-rate="0" complexity="0" line-rate="1" name="problems.day03.internal">
			<classes>
				<class branch-rate="0" complexity="0" filename="problems/day03/internal/__init__.py" line-rate="1" name="__init__.py">
					<methods/>
					<lines>
						<line hits="1" number="1"/>
						<line hits="1" number="2"/>
					</lines>
				</class>
				<class branch-rate="0" complexity="0" filename="problems/day03/internal/inputparser.py" line-rate="1" name="inputparser.py">
					<methods/>
					<lines>
						<line hits="1" number="1"/>
						<line hits="1" number="2"/>
						<line hits="1" number="4"/>
						<line hits="1" number="5"/>
						<line hits="1" number="7"/>
						<line hits="1" number="9"/>
						<line hits="1" number="10"/>
						<line hits="1" number="12"/>
						<line hits="1" number="13"/>
						<line hits="1" number="14"/>
						<line hits="1" number="16"/>
						<line hits="1" number="17"/>
						<line hits="1" number="19"/>
						<line hits="1" number="20"/>
						<line hits="1" number="21"/>
						<line hits="1" number="23"/>
						<line hits="1" number="25"/>
					</lines>
				</class>
				<class branch-rate="0" complexity="0" filename="problems/day03/internal/inputparser_test.py" line-rate="1" name="inputparser_test.py">
					<methods/>
					<lines>
						<line hits="1" number="1"/>
						<line hits="1" number="4"/>
						<line hits="1" number="5"/>
						<line hits="1" number="8"/>
						<line hits="1" number="9"/>
						<line hits="1" number="10"/>
						<line hits="1" number="19"/>
					</lines>
				</class>
				<class branch-rate="0" complexity="0" filename="problems/day03/internal/trianglechecker.py" line-rate="1" name="trianglechecker.py">
					<methods/>
					<lines>
						<line hits="1" number="1"/>
						<line hits="1" number="2"/>
						<line hits="1" number="4"/>
					</lines>
				</class>
				<class branch-rate="0" complexity="0" filename="problems/day03/internal/trianglechecker_test.py" line-rate="1" name="trianglechecker_test.py">
					<methods/>
					<lines>
						<line hits="1" number="1"/>
						<line hits="1" number="4"/>
						<line hits="1" number="5"/>
						<line hits="1" number="8"/>
						<line hits="1" number="9"/>
					</lines>
				</class>
			</classes>
		</package>
		<package branch-rate="0" complexity="0" line-rate="0.6452" name="problems.template">
			<classes>
				<class branch-rate="0" complexity="0" filename="problems/template/__init__.py" line-rate="1" name="__init__.py">
					<methods/>
					<lines/>
				</class>
				<class branch-rate="0" complexity="0" filename="problems/template/main.py" line-rate="0.4375" name="main.py">
					<methods/>
					<lines>
						<line hits="1" number="1"/>
						<line hits="1" number="2"/>
						<line hits="0" number="3"/>
						<line hits="1" number="5"/>
						<line hits="1" number="8"/>
						<line hits="1" number="9"/>
						<line hits="0" number="11"/>
						<line hits="0" number="12"/>
						<line hits="1" number="14"/>
						<line hits="0" number="16"/>
						<line hits="0" number="17"/>
						<line hits="1" number="20"/>
						<line hits="0" number="21"/>
						<line hits="0" number="22"/>
						<line hits="0" number="24"/>
						<line hits="0" number="25"/>
					</lines>
				</class>
				<class branch-rate="0" complexity="0" filename="problems/template/main_test.py" line-rate="1" name="main_test.py">
					<methods/>
					<lines>
						<line hits="1" number="1"/>
						<line hits="1" number="4"/>
						<line hits="1" number="6"/>
						<line hits="1" number="9"/>
						<line hits="1" number="11"/>
					</lines>
				</class>
				<class branch-rate="0" complexity="0" filename="problems/template/solver.py" line-rate="0.6" name="solver.py">
					<methods/>
					<lines>
						<line hits="1" number="4"/>
						<line hits="1" number="5"/>
						<line hits="0" number="7"/>
						<line hits="1" number="9"/>
						<line hits="0" number="11"/>
					</lines>
				</class>
				<class branch-rate="0" complexity="0" filename="problems/template/solver_test.py" line-rate="1" name="solver_test.py">
					<methods/>
					<lines>
						<line hits="1" number="1"/>
						<line hits="1" number="4"/>
						<line hits="1" number="6"/>
						<line hits="1" number="9"/>
						<line hits="1" number="11"/>
					</lines>
				</class>
			</classes>
		</package>
		<package branch-rate="0" complexity="0" line-rate="1" name="utils">
			<classes>
				<class branch-rate="0" complexity="0" filename="utils/__init__.py" line-rate="1" name="__init__.py">
					<methods/>
					<lines>
						<line hits="1" number="1"/>
					</lines>
				</class>
				<class branch-rate="0" complexity="0" filename="utils/inputreader.py" line-rate="1" name="inputreader.py">
					<methods/>
					<lines>
						<line hits="1" number="1"/>
						<line hits="1" number="4"/>
						<line hits="1" number="5"/>
						<line hits="1" number="7"/>
						<line hits="1" number="8"/>
						<line hits="1" number="9"/>
						<line hits="1" number="10"/>
					</lines>
				</class>
			</classes>
		</package>
	</packages>
</coverage>
